<?xml version="1.0" encoding="UTF-8"?>
<!-- Generated by org.testng.reporters.JUnitReportReporter -->
<testsuite hostname="piyush-asus" failures="0" tests="1" name="com.tutorialsninja.qa.testcases.Demo" time="16.639" errors="0" timestamp="2023-08-07T15:21:58 IST" skipped="0">
  <testcase classname="com.tutorialsninja.qa.testcases.Demo" name="selectOptionsFromDropdown" time="16.639"/>
  <system-out/>
</testsuite> <!-- com.tutorialsninja.qa.testcases.Demo -->
