<?xml version="1.0" encoding="UTF-8"?>
<!-- Generated by org.testng.reporters.JUnitReportReporter -->
<testsuite hostname="piyush-asus" failures="0" tests="1" name="com.tutorialsninja.qa.testcases.WindowHandle" time="17.385" errors="0" timestamp="2023-11-16T12:04:54 IST" skipped="0">
  <testcase classname="com.tutorialsninja.qa.testcases.WindowHandle" name="handlingFrames" time="17.385"/>
</testsuite> <!-- com.tutorialsninja.qa.testcases.WindowHandle -->
